
ROM used:   512/8192 (6%)
            512/8192 (6%) including unused fragments

            0.7 Average locations per line
            17.1 Average locations per statement

RAM used:   6/368 (2%) at main() level
            44/368 (12%) worst case

Stack used: 3 worst case (3 in main + 0 for interrupts)
Stack size: 8

Lines Stmts  %   Files
----- ----- ---  -----
   25     9  30  buzzeur.c
   10     0   0  buzzeur.h
  661     0   0  ..\..\..\..\..\Program Files (x86)\PICC\Devices\16F877A.h
   68    21  70  ..\rtc16Mhz\sound.c
----- -----
  764    30 Total

Page ROM  %  RAM   Vol Diff  Functions:
---- --- --- ---   --- ----  ----------
0     21   4    1             @delay_ms1
0     15   3    1             @delay_us1
0     27   5    5   285  4.3  do_delay
0    289  56   26   777  6.7  generate_tone
0     79  15   13   381  3.7  @DIV3232
0     37   7    5   104  2.0  @DIV1616
 Inline        13   136  2.5  @MUL3232
0     40   8    1   167  3.5  MAIN
 Inline         0   117  3.5  @cinit1

Program metrics:
    Functions               7
    Statements              30
    Comments                136
    Volume (V)              2932
    Difficulty (D)          26.2
    Effort to implement (E) 76811
    Time to implement (T)   1 hours, 11 minutes
    Est Delivered Bugs (B)  1
    Cyclomatic Complexity   8
    Maintainability (MI)    142

 Segment     Used  Free
-----------  ----  ----
00000-00003     4  0  
00004-007FF   508  1536  
00800-00FFF     0  2048  
01000-017FF     0  2048  
01800-01FFF     0  2048  



